Provided cores: 1
Rules claiming more threads will be scaled down.
Job counts:
	count	jobs
	1	all
	1	collate_outputs
	2	quantify_genes
	4

rule quantify_genes:
    input: genome.fa, fastq/Sample1.R1.fastq.gz, fastq/Sample1.R2.fastq.gz
    output: Sample1.txt
    jobid: 3
    wildcards: sample=Sample1

Finished job 3.
1 of 4 steps (25%) done

rule quantify_genes:
    input: genome.fa, fastq/Sample2.R1.fastq.gz, fastq/Sample2.R2.fastq.gz
    output: Sample2.txt
    jobid: 2
    wildcards: sample=Sample2

Finished job 2.
2 of 4 steps (50%) done

rule collate_outputs:
    input: Sample1.txt, Sample2.txt
    output: test3.txt
    jobid: 1

Finished job 1.
3 of 4 steps (75%) done

localrule all:
    input: test3.txt
    jobid: 0

Finished job 0.
4 of 4 steps (100%) done
